  [1m[35m (0.6ms)[0m  [1m[35mCREATE DATABASE "the_gossip_project_development" ENCODING = 'unicode'[0m
  ↳ bin/rails:9
  [1m[35m (0.4ms)[0m  [1m[35mCREATE DATABASE "the_gossip_project_test" ENCODING = 'unicode'[0m
  ↳ bin/rails:9
  [1m[35m (11.8ms)[0m  [1m[35mCREATE TABLE "schema_migrations" ("version" character varying NOT NULL PRIMARY KEY)[0m
  ↳ bin/rails:9
  [1m[35m (6.2ms)[0m  [1m[35mCREATE TABLE "ar_internal_metadata" ("key" character varying NOT NULL PRIMARY KEY, "value" character varying, "created_at" timestamp NOT NULL, "updated_at" timestamp NOT NULL)[0m
  ↳ bin/rails:9
  [1m[35m (0.3ms)[0m  [1m[34mSELECT pg_try_advisory_lock(4833031731104927805)[0m
  ↳ bin/rails:9
  [1m[35m (0.4ms)[0m  [1m[34mSELECT "schema_migrations"."version" FROM "schema_migrations" ORDER BY "schema_migrations"."version" ASC[0m
  ↳ bin/rails:9
  [1m[36mActiveRecord::InternalMetadata Load (0.3ms)[0m  [1m[34mSELECT  "ar_internal_metadata".* FROM "ar_internal_metadata" WHERE "ar_internal_metadata"."key" = $1 LIMIT $2[0m  [["key", "environment"], ["LIMIT", 1]]
  ↳ bin/rails:9
  [1m[35m (0.1ms)[0m  [1m[35mBEGIN[0m
  ↳ bin/rails:9
  [1m[36mActiveRecord::InternalMetadata Create (0.6ms)[0m  [1m[32mINSERT INTO "ar_internal_metadata" ("key", "value", "created_at", "updated_at") VALUES ($1, $2, $3, $4) RETURNING "key"[0m  [["key", "environment"], ["value", "development"], ["created_at", "2018-10-29 19:52:55.013323"], ["updated_at", "2018-10-29 19:52:55.013323"]]
  ↳ bin/rails:9
  [1m[35m (0.4ms)[0m  [1m[35mCOMMIT[0m
  ↳ bin/rails:9
  [1m[35m (0.2ms)[0m  [1m[34mSELECT pg_advisory_unlock(4833031731104927805)[0m
  ↳ bin/rails:9
  [1m[35m (0.1ms)[0m  [1m[34mSELECT "schema_migrations"."version" FROM "schema_migrations" ORDER BY "schema_migrations"."version" ASC[0m
  ↳ bin/rails:9
  [1m[35m (0.2ms)[0m  [1m[34mSELECT pg_try_advisory_lock(4833031731104927805)[0m
  ↳ bin/rails:9
  [1m[35m (0.3ms)[0m  [1m[34mSELECT "schema_migrations"."version" FROM "schema_migrations" ORDER BY "schema_migrations"."version" ASC[0m
  ↳ bin/rails:9
Migrating to CreatePotins (20181029195317)
  [1m[35m (0.1ms)[0m  [1m[35mBEGIN[0m
  ↳ bin/rails:9
  [1m[35m (5.7ms)[0m  [1m[35mCREATE TABLE "potins" ("id" bigserial primary key, "author" character varying, "content" text, "created_at" timestamp NOT NULL, "updated_at" timestamp NOT NULL)[0m
  ↳ db/migrate/20181029195317_create_potins.rb:3
  [1m[36mActiveRecord::SchemaMigration Create (0.4ms)[0m  [1m[32mINSERT INTO "schema_migrations" ("version") VALUES ($1) RETURNING "version"[0m  [["version", "20181029195317"]]
  ↳ bin/rails:9
  [1m[35m (0.7ms)[0m  [1m[35mCOMMIT[0m
  ↳ bin/rails:9
  [1m[36mActiveRecord::InternalMetadata Load (0.6ms)[0m  [1m[34mSELECT  "ar_internal_metadata".* FROM "ar_internal_metadata" WHERE "ar_internal_metadata"."key" = $1 LIMIT $2[0m  [["key", "environment"], ["LIMIT", 1]]
  ↳ bin/rails:9
  [1m[35m (0.1ms)[0m  [1m[35mBEGIN[0m
  ↳ bin/rails:9
  [1m[35m (0.1ms)[0m  [1m[35mCOMMIT[0m
  ↳ bin/rails:9
  [1m[35m (0.2ms)[0m  [1m[34mSELECT pg_advisory_unlock(4833031731104927805)[0m
  ↳ bin/rails:9
  [1m[35m (0.2ms)[0m  [1m[34mSELECT "schema_migrations"."version" FROM "schema_migrations" ORDER BY "schema_migrations"."version" ASC[0m
  ↳ bin/rails:9
  [1m[35m (0.3ms)[0m  [1m[34mSELECT "schema_migrations"."version" FROM "schema_migrations" ORDER BY "schema_migrations"."version" ASC[0m
  ↳ bin/rails:9
  [1m[35m (0.4ms)[0m  [1m[34mSELECT "schema_migrations"."version" FROM "schema_migrations" ORDER BY "schema_migrations"."version" ASC[0m
  ↳ bin/rails:9
  [1m[35m (0.1ms)[0m  [1m[35mBEGIN[0m
  ↳ db/seeds.rb:4
  [1m[36mPotin Create (0.5ms)[0m  [1m[32mINSERT INTO "potins" ("author", "content", "created_at", "updated_at") VALUES ($1, $2, $3, $4) RETURNING "id"[0m  [["author", "Val"], ["content", "Quia itaque sit qui officia."], ["created_at", "2018-10-29 19:55:34.114689"], ["updated_at", "2018-10-29 19:55:34.114689"]]
  ↳ db/seeds.rb:4
  [1m[35m (0.4ms)[0m  [1m[35mCOMMIT[0m
  ↳ db/seeds.rb:4
  [1m[35m (0.1ms)[0m  [1m[35mBEGIN[0m
  ↳ db/seeds.rb:4
  [1m[36mPotin Create (0.2ms)[0m  [1m[32mINSERT INTO "potins" ("author", "content", "created_at", "updated_at") VALUES ($1, $2, $3, $4) RETURNING "id"[0m  [["author", "Chong"], ["content", "Illo reprehenderit beatae et consequuntur."], ["created_at", "2018-10-29 19:55:34.117288"], ["updated_at", "2018-10-29 19:55:34.117288"]]
  ↳ db/seeds.rb:4
  [1m[35m (0.4ms)[0m  [1m[35mCOMMIT[0m
  ↳ db/seeds.rb:4
  [1m[35m (0.1ms)[0m  [1m[35mBEGIN[0m
  ↳ db/seeds.rb:4
  [1m[36mPotin Create (0.2ms)[0m  [1m[32mINSERT INTO "potins" ("author", "content", "created_at", "updated_at") VALUES ($1, $2, $3, $4) RETURNING "id"[0m  [["author", "Abel"], ["content", "Facere vel sed nihil et."], ["created_at", "2018-10-29 19:55:34.119286"], ["updated_at", "2018-10-29 19:55:34.119286"]]
  ↳ db/seeds.rb:4
  [1m[35m (0.4ms)[0m  [1m[35mCOMMIT[0m
  ↳ db/seeds.rb:4
  [1m[35m (0.1ms)[0m  [1m[35mBEGIN[0m
  ↳ db/seeds.rb:4
  [1m[36mPotin Create (0.2ms)[0m  [1m[32mINSERT INTO "potins" ("author", "content", "created_at", "updated_at") VALUES ($1, $2, $3, $4) RETURNING "id"[0m  [["author", "Everette"], ["content", "Dolorem reprehenderit nisi optio eos."], ["created_at", "2018-10-29 19:55:34.121190"], ["updated_at", "2018-10-29 19:55:34.121190"]]
  ↳ db/seeds.rb:4
  [1m[35m (0.4ms)[0m  [1m[35mCOMMIT[0m
  ↳ db/seeds.rb:4
  [1m[35m (0.1ms)[0m  [1m[35mBEGIN[0m
  ↳ db/seeds.rb:4
  [1m[36mPotin Create (0.2ms)[0m  [1m[32mINSERT INTO "potins" ("author", "content", "created_at", "updated_at") VALUES ($1, $2, $3, $4) RETURNING "id"[0m  [["author", "Jada"], ["content", "Porro hic sunt voluptatem fugiat."], ["created_at", "2018-10-29 19:55:34.123129"], ["updated_at", "2018-10-29 19:55:34.123129"]]
  ↳ db/seeds.rb:4
  [1m[35m (0.4ms)[0m  [1m[35mCOMMIT[0m
  ↳ db/seeds.rb:4
  [1m[35m (0.1ms)[0m  [1m[35mBEGIN[0m
  ↳ db/seeds.rb:4
  [1m[36mPotin Create (0.2ms)[0m  [1m[32mINSERT INTO "potins" ("author", "content", "created_at", "updated_at") VALUES ($1, $2, $3, $4) RETURNING "id"[0m  [["author", "Will"], ["content", "Molestiae expedita libero sit soluta."], ["created_at", "2018-10-29 19:55:34.125111"], ["updated_at", "2018-10-29 19:55:34.125111"]]
  ↳ db/seeds.rb:4
  [1m[35m (0.4ms)[0m  [1m[35mCOMMIT[0m
  ↳ db/seeds.rb:4
  [1m[35m (0.1ms)[0m  [1m[35mBEGIN[0m
  ↳ db/seeds.rb:4
  [1m[36mPotin Create (0.2ms)[0m  [1m[32mINSERT INTO "potins" ("author", "content", "created_at", "updated_at") VALUES ($1, $2, $3, $4) RETURNING "id"[0m  [["author", "Maybelle"], ["content", "Voluptas voluptas et totam nam."], ["created_at", "2018-10-29 19:55:34.126991"], ["updated_at", "2018-10-29 19:55:34.126991"]]
  ↳ db/seeds.rb:4
  [1m[35m (0.4ms)[0m  [1m[35mCOMMIT[0m
  ↳ db/seeds.rb:4
  [1m[35m (0.1ms)[0m  [1m[35mBEGIN[0m
  ↳ db/seeds.rb:4
  [1m[36mPotin Create (0.2ms)[0m  [1m[32mINSERT INTO "potins" ("author", "content", "created_at", "updated_at") VALUES ($1, $2, $3, $4) RETURNING "id"[0m  [["author", "Brent"], ["content", "Omnis quod non consequatur porro."], ["created_at", "2018-10-29 19:55:34.129070"], ["updated_at", "2018-10-29 19:55:34.129070"]]
  ↳ db/seeds.rb:4
  [1m[35m (0.4ms)[0m  [1m[35mCOMMIT[0m
  ↳ db/seeds.rb:4
  [1m[35m (0.1ms)[0m  [1m[35mBEGIN[0m
  ↳ db/seeds.rb:4
  [1m[36mPotin Create (0.2ms)[0m  [1m[32mINSERT INTO "potins" ("author", "content", "created_at", "updated_at") VALUES ($1, $2, $3, $4) RETURNING "id"[0m  [["author", "Shawanna"], ["content", "Sint voluptatem quo exercitationem odio."], ["created_at", "2018-10-29 19:55:34.131336"], ["updated_at", "2018-10-29 19:55:34.131336"]]
  ↳ db/seeds.rb:4
  [1m[35m (0.4ms)[0m  [1m[35mCOMMIT[0m
  ↳ db/seeds.rb:4
  [1m[35m (0.1ms)[0m  [1m[35mBEGIN[0m
  ↳ db/seeds.rb:4
  [1m[36mPotin Create (0.2ms)[0m  [1m[32mINSERT INTO "potins" ("author", "content", "created_at", "updated_at") VALUES ($1, $2, $3, $4) RETURNING "id"[0m  [["author", "Tessie"], ["content", "Exercitationem minima quasi consectetur in."], ["created_at", "2018-10-29 19:55:34.133569"], ["updated_at", "2018-10-29 19:55:34.133569"]]
  ↳ db/seeds.rb:4
  [1m[35m (0.4ms)[0m  [1m[35mCOMMIT[0m
  ↳ db/seeds.rb:4
Started GET "/" for 127.0.0.1 at 2018-10-29 21:03:02 +0100
  [1m[35m (0.5ms)[0m  [1m[34mSELECT "schema_migrations"."version" FROM "schema_migrations" ORDER BY "schema_migrations"."version" ASC[0m
  ↳ /home/salim/.rvm/gems/ruby-2.5.1/gems/activerecord-5.2.1/lib/active_record/log_subscriber.rb:98
Processing by Rails::WelcomeController#index as HTML
  Rendering /home/salim/.rvm/gems/ruby-2.5.1/gems/railties-5.2.1/lib/rails/templates/rails/welcome/index.html.erb
  Rendered /home/salim/.rvm/gems/ruby-2.5.1/gems/railties-5.2.1/lib/rails/templates/rails/welcome/index.html.erb (2.5ms)
Completed 200 OK in 13ms (Views: 6.8ms | ActiveRecord: 0.0ms)


Started GET "/team" for 127.0.0.1 at 2018-10-29 21:03:07 +0100
Processing by StaticController#team as HTML
  Rendering static/team.html.erb within layouts/application
  Rendered static/team.html.erb within layouts/application (146.3ms)
Completed 200 OK in 169ms (Views: 167.7ms | ActiveRecord: 0.0ms)


Started GET "/" for 127.0.0.1 at 2018-10-30 11:17:42 +0100
  [1m[35m (1.0ms)[0m  [1m[34mSELECT "schema_migrations"."version" FROM "schema_migrations" ORDER BY "schema_migrations"."version" ASC[0m
  ↳ /home/salim/.rvm/gems/ruby-2.5.1/gems/activerecord-5.2.1/lib/active_record/log_subscriber.rb:98
Processing by Rails::WelcomeController#index as HTML
  Rendering /home/salim/.rvm/gems/ruby-2.5.1/gems/railties-5.2.1/lib/rails/templates/rails/welcome/index.html.erb
  Rendered /home/salim/.rvm/gems/ruby-2.5.1/gems/railties-5.2.1/lib/rails/templates/rails/welcome/index.html.erb (2.7ms)
Completed 200 OK in 21ms (Views: 13.4ms | ActiveRecord: 0.0ms)


Started GET "/welcome/khalil" for 127.0.0.1 at 2018-10-30 11:17:59 +0100
Processing by StaticController#welcome as HTML
  Parameters: {"name"=>"khalil"}
  Rendering static/welcome.html.erb within layouts/application
  [1m[36mPotin Load (2.6ms)[0m  [1m[34mSELECT "potins".* FROM "potins"[0m
  ↳ app/views/static/welcome.html.erb:23
  Rendered static/welcome.html.erb within layouts/application (159.1ms)
Completed 200 OK in 181ms (Views: 169.3ms | ActiveRecord: 8.5ms)


Started GET "/team" for 127.0.0.1 at 2018-10-30 11:18:11 +0100
Processing by StaticController#team as HTML
  Rendering static/team.html.erb within layouts/application
  Rendered static/team.html.erb within layouts/application (2.3ms)
Completed 200 OK in 17ms (Views: 15.7ms | ActiveRecord: 0.0ms)


Started GET "/contact" for 127.0.0.1 at 2018-10-30 11:18:21 +0100
Processing by StaticController#contact as HTML
  Rendering static/contact.html.erb within layouts/application
  Rendered static/contact.html.erb within layouts/application (3.6ms)
Completed 200 OK in 24ms (Views: 21.7ms | ActiveRecord: 0.0ms)


Started GET "/contact" for 127.0.0.1 at 2018-10-30 11:18:22 +0100
Processing by StaticController#contact as HTML
  Rendering static/contact.html.erb within layouts/application
  Rendered static/contact.html.erb within layouts/application (4.6ms)
Completed 200 OK in 22ms (Views: 20.7ms | ActiveRecord: 0.0ms)


Started GET "/team" for 127.0.0.1 at 2018-10-30 11:18:35 +0100
Processing by StaticController#team as HTML
  Rendering static/team.html.erb within layouts/application
  Rendered static/team.html.erb within layouts/application (4.3ms)
Completed 200 OK in 30ms (Views: 27.4ms | ActiveRecord: 0.0ms)


Started GET "/gossip/Brent" for 127.0.0.1 at 2018-10-30 11:18:43 +0100
Processing by StaticController#gossip as HTML
  Parameters: {"gossip"=>"Brent"}
  Rendering static/gossip.html.erb within layouts/application
  [1m[36mPotin Load (1.7ms)[0m  [1m[34mSELECT "potins".* FROM "potins"[0m
  ↳ app/views/static/gossip.html.erb:20
  Rendered static/gossip.html.erb within layouts/application (6.8ms)
Completed 200 OK in 28ms (Views: 22.8ms | ActiveRecord: 1.7ms)


Started GET "/" for 127.0.0.1 at 2018-10-30 11:19:04 +0100
Processing by Rails::WelcomeController#index as HTML
  Rendering /home/salim/.rvm/gems/ruby-2.5.1/gems/railties-5.2.1/lib/rails/templates/rails/welcome/index.html.erb
  Rendered /home/salim/.rvm/gems/ruby-2.5.1/gems/railties-5.2.1/lib/rails/templates/rails/welcome/index.html.erb (3.3ms)
Completed 200 OK in 6ms (Views: 4.6ms | ActiveRecord: 0.0ms)


Started GET "/gossip/Brent" for 127.0.0.1 at 2018-10-30 11:27:12 +0100
Processing by StaticController#gossip as HTML
  Parameters: {"gossip"=>"Brent"}
  Rendering static/gossip.html.erb within layouts/application
  [1m[36mPotin Load (0.9ms)[0m  [1m[34mSELECT "potins".* FROM "potins"[0m
  ↳ app/views/static/gossip.html.erb:20
  Rendered static/gossip.html.erb within layouts/application (5.3ms)
Completed 200 OK in 31ms (Views: 28.1ms | ActiveRecord: 0.9ms)


Started GET "/gossip/Brent" for 127.0.0.1 at 2018-10-30 11:27:12 +0100
Processing by StaticController#gossip as HTML
  Parameters: {"gossip"=>"Brent"}
  Rendering static/gossip.html.erb within layouts/application
  [1m[36mPotin Load (0.5ms)[0m  [1m[34mSELECT "potins".* FROM "potins"[0m
  ↳ app/views/static/gossip.html.erb:20
  Rendered static/gossip.html.erb within layouts/application (5.5ms)
Completed 200 OK in 18ms (Views: 17.2ms | ActiveRecord: 0.5ms)


Started GET "/" for 127.0.0.1 at 2018-10-30 11:36:35 +0100
  [1m[35m (0.4ms)[0m  [1m[34mSELECT "schema_migrations"."version" FROM "schema_migrations" ORDER BY "schema_migrations"."version" ASC[0m
  ↳ /home/salim/.rvm/gems/ruby-2.5.1/gems/activerecord-5.2.1/lib/active_record/log_subscriber.rb:98
Processing by StaticController#index as HTML
  Rendering static/index.html.erb within layouts/application
  Rendered static/index.html.erb within layouts/application (0.5ms)
Completed 200 OK in 134ms (Views: 128.9ms | ActiveRecord: 0.0ms)


Started GET "/" for 127.0.0.1 at 2018-10-30 11:37:06 +0100
Processing by StaticController#index as HTML
  Rendering static/index.html.erb within layouts/application
  Rendered static/index.html.erb within layouts/application (1.9ms)
Completed 200 OK in 12ms (Views: 10.7ms | ActiveRecord: 0.0ms)


Started GET "/" for 127.0.0.1 at 2018-10-30 11:38:27 +0100
Processing by StaticController#index as HTML
  Rendering static/index.html.erb within layouts/application
  Rendered static/index.html.erb within layouts/application (1.8ms)
Completed 200 OK in 24ms (Views: 21.3ms | ActiveRecord: 0.0ms)


Started GET "/" for 127.0.0.1 at 2018-10-30 11:38:42 +0100
Processing by StaticController#index as HTML
  Rendering static/index.html.erb within layouts/application
  Rendered static/index.html.erb within layouts/application (0.5ms)
Completed 200 OK in 11ms (Views: 9.6ms | ActiveRecord: 0.0ms)


Started GET "/" for 127.0.0.1 at 2018-10-30 11:40:54 +0100
Processing by StaticController#index as HTML
  Rendering static/index.html.erb within layouts/application
  Rendered static/index.html.erb within layouts/application (1.9ms)
Completed 200 OK in 25ms (Views: 22.0ms | ActiveRecord: 0.0ms)


Started GET "/" for 127.0.0.1 at 2018-10-30 11:41:59 +0100
Processing by StaticController#index as HTML
  Rendering static/index.html.erb within layouts/application
  Rendered static/index.html.erb within layouts/application (2.4ms)
Completed 200 OK in 52ms (Views: 49.8ms | ActiveRecord: 0.0ms)


Started GET "/" for 127.0.0.1 at 2018-10-30 11:42:34 +0100
Processing by StaticController#index as HTML
  Rendering static/index.html.erb within layouts/application
  Rendered static/index.html.erb within layouts/application (0.7ms)
Completed 200 OK in 12ms (Views: 10.8ms | ActiveRecord: 0.0ms)


Started GET "/" for 127.0.0.1 at 2018-10-30 11:42:58 +0100
Processing by StaticController#index as HTML
  Rendering static/index.html.erb within layouts/application
  Rendered static/index.html.erb within layouts/application (1.6ms)
Completed 200 OK in 27ms (Views: 23.2ms | ActiveRecord: 0.0ms)


Started GET "/team" for 127.0.0.1 at 2018-10-30 11:43:07 +0100
Processing by StaticController#team as HTML
  Rendering static/team.html.erb within layouts/application
  Rendered static/team.html.erb within layouts/application (4.1ms)
Completed 200 OK in 21ms (Views: 18.4ms | ActiveRecord: 0.0ms)


Started GET "/contact" for 127.0.0.1 at 2018-10-30 11:43:08 +0100
Processing by StaticController#contact as HTML
  Rendering static/contact.html.erb within layouts/application
  Rendered static/contact.html.erb within layouts/application (3.2ms)
Completed 200 OK in 20ms (Views: 17.4ms | ActiveRecord: 0.0ms)


Started GET "/team" for 127.0.0.1 at 2018-10-30 11:43:15 +0100
Processing by StaticController#team as HTML
  Rendering static/team.html.erb within layouts/application
  Rendered static/team.html.erb within layouts/application (6.1ms)
Completed 200 OK in 34ms (Views: 31.2ms | ActiveRecord: 0.0ms)


